[Licensing::Module] Trying to connect to existing licensing client channel...
Built from '6000.3/staging' branch; Version is '6000.3.3f1 (ef04196de0d6) revision 15664153'; Using compiler version '194234433'; Build Type 'Release'
[Licensing::IpcConnector] Successfully connected to: "LicenseClient-AGTG" at "2026-03-04T13:51:32.5679817Z"
OS: 'Windows 11  (10.0.26100) 64bit CoreSingleLanguage' Language: 'es' Physical Memory: 5989 MB
BatchMode: 1, IsHumanControllingUs: 0, StartBugReporterOnCrash: 0, Is64bit: 1
Date: 2026-03-04T13:51:32Z

COMMAND LINE ARGUMENTS:
C:\Program Files\Unity\Hub\Editor\6000.3.3f1\Editor\Unity.exe
-adb2
-batchMode
-noUpm
-name
AssetImportWorker5
-projectPath
C:/UTL/5/RV/UnityVRProject_HingerJoint
-logFile
Logs/AssetImportWorker5.log
-srvPort
52836
-licensingIpc
LicenseClient-AGTG
-job-worker-count
7
-background-job-worker-count
8
-gc-helper-count
1
-name
AssetImport
Successfully changed project path to: C:/UTL/5/RV/UnityVRProject_HingerJoint
C:/UTL/5/RV/UnityVRProject_HingerJoint
[UnityMemory] Configuration Parameters - Can be set up in boot.config
    "memorysetup-temp-allocator-size-nav-mesh-worker=65536"
    "memorysetup-temp-allocator-size-audio-worker=65536"
    "memorysetup-temp-allocator-size-gfx=262144"
    "memorysetup-allocator-temp-initial-block-size-main=262144"
    "memorysetup-allocator-temp-initial-block-size-worker=262144"
    "memorysetup-temp-allocator-size-background-worker=32768"
    "memorysetup-temp-allocator-size-job-worker=262144"
    "memorysetup-temp-allocator-size-preload-manager=33554432"
    "memorysetup-temp-allocator-size-gi-baking-worker=262144"
    "memorysetup-temp-allocator-size-gi-baking-worker=262144"
    "memorysetup-temp-allocator-size-gi-baking-worker=262144"
    "memorysetup-temp-allocator-size-gi-baking-worker=262144"
    "memorysetup-temp-allocator-size-gi-baking-worker=262144"
    "memorysetup-bucket-allocator-granularity=16"
    "memorysetup-bucket-allocator-bucket-count=8"
    "memorysetup-bucket-allocator-block-size=33554432"
    "memorysetup-bucket-allocator-block-count=8"
    "memorysetup-main-allocator-block-size=16777216"
    "memorysetup-thread-allocator-block-size=16777216"
    "memorysetup-gfx-main-allocator-block-size=16777216"
    "memorysetup-gfx-thread-allocator-block-size=16777216"
    "memorysetup-cache-allocator-block-size=4194304"
    "memorysetup-typetree-allocator-block-size=2097152"
    "memorysetup-profiler-bucket-allocator-granularity=16"
    "memorysetup-profiler-bucket-allocator-bucket-count=8"
    "memorysetup-profiler-bucket-allocator-block-size=33554432"
    "memorysetup-profiler-bucket-allocator-block-count=8"
    "memorysetup-profiler-allocator-block-size=16777216"
    "memorysetup-profiler-editor-allocator-block-size=1048576"
    "memorysetup-temp-allocator-size-main=16777216"
    "memorysetup-job-temp-allocator-block-size=2097152"
    "memorysetup-job-temp-allocator-block-size-background=1048576"
    "memorysetup-job-temp-allocator-reduction-small-platforms=262144"
    "memorysetup-temp-allocator-size-cloud-worker=32768"
Player connection [3048]  Target information:

Player connection [3048]  * "[IP] 10.57.158.122 [Port] 0 [Flags] 2 [Guid] 1952041646 [EditorId] 1952041646 [Version] 1048832 [Id] WindowsEditor(7,LAPTOP-FRNAB7L4) [Debug] 1 [PackageName] WindowsEditor [ProjectName] Editor" 

Player connection [3048] Host joined multi-casting on [225.0.0.222:54997]...
Player connection [3048] Host joined alternative multi-casting on [225.0.0.222:34997]...
JobSystem: Creating JobQueue using job-worker-count value 7
Input System module state changed to: Initialized.
[Physics::Module] Initialized fallback backend.
[Physics::Module] Id: 0xdecafbad
Library Redirect Path: Library/
[Physics::Module] Selected backend.
[Physics::Module] Name: PhysX
[Physics::Module] Id: 0xf2b8ea05
[Physics::Module] SDK Version: 4.1.2
[Physics::Module] Integration Version: 1.0.0
[Physics::Module] Threading Mode: Multi-Threaded
[Licensing::Module] Licensing is not yet initialized.
[Licensing::Client] Handshaking with LicensingClient:
  Version:                 1.17.4+4293ba1
  Session Id:              2abdb9ffe2be452e8a448394ea717f3d
  Correlation Id:          a106f52c8f4da16293699b40a06832c1
  External correlation Id: 1516478945118499734
  Machine Id:              QAvtsWnuQ/xxe/fIBFD/mSrd04E=
[Licensing::Module] Successfully connected to LicensingClient on channel: "LicenseClient-AGTG" (connect: 0.00s, validation: 0.01s, handshake: 3.80s)
[Licensing::IpcConnector] Successfully connected to: "LicenseClient-AGTG-notifications" at "2026-03-04T13:51:36.3786265Z"
[Licensing::Module] Licensing Background thread has ended after 3.81s
[Licensing::Module] Licensing is initialized (took 3.24s).
[Licensing::Client] Successfully resolved entitlement details
[Licensing::Module] License group:
  Id: 4674149408653-UnityPersXXXX
  Product: Unity Personal
  Type: Assigned
  Expiration: Unlimited
Refreshing native plugins compatible for Editor in 162.36 ms, found 13 plugins.
Preloading 1 native plugins for Editor in 1.95 ms.
Initialize engine version: 6000.3.3f1 (ef04196de0d6)
[Subsystems] Discovering subsystems at path C:/Program Files/Unity/Hub/Editor/6000.3.3f1/Editor/Data/Resources/UnitySubsystems
[Subsystems] Discovering subsystems at path C:/UTL/5/RV/UnityVRProject_HingerJoint/Assets
GfxDevice: creating device client; kGfxThreadingModeNonThreaded
Direct3D:
    Version:  Direct3D 11.0 [level 11.1]
    Renderer: AMD Radeon(TM) Graphics (ID=0x164c)
    Vendor:   ATI
    VRAM:     2994 MB
    Driver:   31.0.21912.3005
Initialize mono
Mono path[0] = 'C:/Program Files/Unity/Hub/Editor/6000.3.3f1/Editor/Data/Managed'
Mono path[1] = 'C:/Program Files/Unity/Hub/Editor/6000.3.3f1/Editor/Data/MonoBleedingEdge/lib/mono/unityjit-win32'
Mono config path = 'C:/Program Files/Unity/Hub/Editor/6000.3.3f1/Editor/Data/MonoBleedingEdge/etc'
Using monoOptions --debugger-agent=transport=dt_socket,embedding=1,server=y,suspend=n,address=127.0.0.1:56948
Begin MonoManager ReloadAssembly
Registering precompiled unity dll's ...
Register platform support module: C:/Program Files/Unity/Hub/Editor/6000.3.3f1/Editor/Data/PlaybackEngines/WebGLSupport/UnityEditor.WebGL.Extensions.dll
Register platform support module: C:/Program Files/Unity/Hub/Editor/6000.3.3f1/Editor/Data/PlaybackEngines/WindowsStandaloneSupport/UnityEditor.WindowsStandalone.Extensions.dll
Register platform support module: C:/Program Files/Unity/Hub/Editor/6000.3.3f1/Editor/Data/PlaybackEngines/AndroidPlayer/UnityEditor.Android.Extensions.dll
Registered in 0.020228 seconds.
- Loaded All Assemblies, in  2.090 seconds
Native extension for Android target not found
Android Extension - Scanning For ADB Devices 884 ms
Native extension for WindowsStandalone target not found
Native extension for WebGL target not found
Mono: successfully reloaded assembly
- Finished resetting the current domain, in  2.630 seconds
Domain Reload Profiling: 4709ms
	BeginReloadAssembly (774ms)
		ExecutionOrderSort (0ms)
		DisableScriptedObjects (0ms)
		BackupInstance (0ms)
		ReleaseScriptingObjects (0ms)
		CreateAndSetChildDomain (3ms)
	RebuildCommonClasses (176ms)
	RebuildNativeTypeToScriptingClass (56ms)
	initialDomainReloadingComplete (221ms)
	LoadAllAssembliesAndSetupDomain (851ms)
		LoadAssemblies (758ms)
		RebuildTransferFunctionScriptingTraits (0ms)
		AnalyzeDomain (837ms)
			TypeCache.Refresh (829ms)
				TypeCache.ScanAssembly (777ms)
			BuildScriptInfoCaches (0ms)
			ResolveRequiredComponents (2ms)
	FinalizeReload (2631ms)
		ReleaseScriptCaches (0ms)
		RebuildScriptCaches (0ms)
		SetupLoadedEditorAssemblies (2421ms)
			LogAssemblyErrors (0ms)
			InitializePlatformSupportModulesInManaged (1250ms)
			SetLoadedEditorAssemblies (13ms)
			BeforeProcessingInitializeOnLoad (306ms)
			ProcessInitializeOnLoadAttributes (550ms)
			ProcessInitializeOnLoadMethodAttributes (301ms)
			AfterProcessingInitializeOnLoad (0ms)
			EditorAssembliesLoaded (0ms)
		ExecutionOrderSort2 (0ms)
		AwakeInstancesAfterBackupRestoration (0ms)
========================================================================
Worker process is ready to serve import requests
Import Worker Mode flag is 0x00
Begin MonoManager ReloadAssembly
[Licensing::Client] Successfully resolved entitlement details
- Loaded All Assemblies, in  3.529 seconds
Refreshing native plugins compatible for Editor in 70.03 ms, found 13 plugins.
Native extension for Android target not found
Native extension for WindowsStandalone target not found
Native extension for WebGL target not found
Package Manager log level set to [2]
[Package Manager] Failed to launch server process. Reason: Unity was launched with the -noUpm command-line argument
[Package Manager] Unable to send message (not connected to server process).
[Package Manager] Cannot connect to Unity Package Manager local server
System.Reflection.TargetInvocationException: Exception has been thrown by the target of an invocation. ---> System.NullReferenceException: Object reference not set to an instance of an object
  at Unity.XR.Oculus.OculusLoader.AssetPathToAbsolutePath (System.String assetPath) [0x0003d] in .\Library\PackageCache\com.unity.xr.oculus@68ef97a4d91e\Runtime\OculusLoader.cs:312 
  at Unity.XR.Oculus.OculusLoader.EditorLoadOVRPlugin () [0x0008c] in .\Library\PackageCache\com.unity.xr.oculus@68ef97a4d91e\Runtime\OculusLoader.cs:297 
  at (wrapper managed-to-native) System.Reflection.RuntimeMethodInfo.InternalInvoke(System.Reflection.RuntimeMethodInfo,object,object[],System.Exception&)
  at System.Reflection.RuntimeMethodInfo.Invoke (System.Object obj, System.Reflection.BindingFlags invokeAttr, System.Reflection.Binder binder, System.Object[] parameters, System.Globalization.CultureInfo culture) [0x0006a] in <1eb9db207454431c84a47bcd81e79c37>:0 
   --- End of inner exception stack trace ---
  at System.Reflection.RuntimeMethodInfo.Invoke (System.Object obj, System.Reflection.BindingFlags invokeAttr, System.Reflection.Binder binder, System.Object[] parameters, System.Globalization.CultureInfo culture) [0x00083] in <1eb9db207454431c84a47bcd81e79c37>:0 
  at System.Reflection.MethodBase.Invoke (System.Object obj, System.Object[] parameters) [0x00000] in <1eb9db207454431c84a47bcd81e79c37>:0 
  at UnityEditor.EditorAssemblies.ProcessInitializeOnLoadMethodAttributes () [0x00087] in <6af83ae2d15b4450b49e1958cf1785d8>:0 
UnityEngine.Debug:ExtractStackTraceNoAlloc (byte*,int,string)
UnityEngine.StackTraceUtility:ExtractStackTrace ()
UnityEngine.DebugLogHandler:Internal_Log (UnityEngine.LogType,UnityEngine.LogOption,string,UnityEngine.Object)
UnityEngine.DebugLogHandler:LogFormat (UnityEngine.LogType,UnityEngine.Object,string,object[])
UnityEngine.Logger:Log (UnityEngine.LogType,object)
UnityEngine.Debug:LogError (object)
UnityEditor.EditorAssemblies:ProcessInitializeOnLoadMethodAttributes ()

Mono: successfully reloaded assembly
[Package Manager] Failed to launch server process. Reason: Unity was launched with the -noUpm command-line argument
[Package Manager] Unable to send message (not connected to server process).
[Package Manager] Cannot connect to Unity Package Manager local server
[Package Manager] Failed to launch server process. Reason: Unity was launched with the -noUpm command-line argument
[Package Manager] Unable to send message (not connected to server process).
[Package Manager] Cannot connect to Unity Package Manager local server
- Finished resetting the current domain, in  4.118 seconds
Domain Reload Profiling: 7625ms
	BeginReloadAssembly (794ms)
		ExecutionOrderSort (0ms)
		DisableScriptedObjects (24ms)
		BackupInstance (0ms)
		ReleaseScriptingObjects (0ms)
		CreateAndSetChildDomain (108ms)
	RebuildCommonClasses (165ms)
	RebuildNativeTypeToScriptingClass (57ms)
	initialDomainReloadingComplete (160ms)
	LoadAllAssembliesAndSetupDomain (2328ms)
		LoadAssemblies (1686ms)
		RebuildTransferFunctionScriptingTraits (0ms)
		AnalyzeDomain (1105ms)
			TypeCache.Refresh (811ms)
				TypeCache.ScanAssembly (757ms)
			BuildScriptInfoCaches (235ms)
			ResolveRequiredComponents (45ms)
	FinalizeReload (4119ms)
		ReleaseScriptCaches (0ms)
		RebuildScriptCaches (0ms)
		SetupLoadedEditorAssemblies (3305ms)
			LogAssemblyErrors (0ms)
			InitializePlatformSupportModulesInManaged (32ms)
			SetLoadedEditorAssemblies (16ms)
			BeforeProcessingInitializeOnLoad (603ms)
			ProcessInitializeOnLoadAttributes (2120ms)
			ProcessInitializeOnLoadMethodAttributes (516ms)
			AfterProcessingInitializeOnLoad (16ms)
			EditorAssembliesLoaded (1ms)
		ExecutionOrderSort2 (0ms)
		AwakeInstancesAfterBackupRestoration (16ms)
Launched and connected shader compiler UnityShaderCompiler.exe after 0.05 seconds
Refreshing native plugins compatible for Editor in 47.98 ms, found 13 plugins.
Preloading 1 native plugins for Editor in 0.54 ms.
Unloading 16 Unused Serialized files (Serialized files now loaded: 0)
Unloading 7562 unused Assets / (5.7 MB). Loaded Objects now: 8392.
Memory consumption went from 154.9 MB to 149.3 MB.
Total: 36.693700 ms (FindLiveObjects: 2.874700 ms CreateObjectMapping: 3.797500 ms MarkObjects: 21.623200 ms  DeleteObjects: 8.395100 ms)

========================================================================
Received Import Request.
  Time since last request: 20439.037719 seconds.
  path: Assets/_Television_set/TV_80_pic.prefab
  artifactKey: Guid(80d1d86e65f58704795cc2e78a3ef3f2) Importer(815301076,1909f56bfc062723c751e8b465ee728b)
Start importing Assets/_Television_set/TV_80_pic.prefab using Guid(80d1d86e65f58704795cc2e78a3ef3f2) Importer(815301076,1909f56bfc062723c751e8b465ee728b) (PreviewImporter) -> (artifact id: '0eca6f8767f3b6c14ae12a9363803bf1') in 5.1628543 seconds
Number of updated asset objects reloaded before import = 0Number of asset objects unloaded after import = 16

========================================================================
Received Import Request.
  Time since last request: 0.000173 seconds.
  path: Assets/_Television_set
  artifactKey: Guid(a0811c465cd0a46439536482962121c7) Importer(815301076,1909f56bfc062723c751e8b465ee728b)
Start importing Assets/_Television_set using Guid(a0811c465cd0a46439536482962121c7) Importer(815301076,1909f56bfc062723c751e8b465ee728b) (PreviewImporter) -> (artifact id: '4e9abb5b2a6c60456db825b59e3678c8') in 0.002388 seconds
Number of updated asset objects reloaded before import = 0Number of asset objects unloaded after import = 0

========================================================================
Received Import Request.
  Time since last request: 14.521094 seconds.
  path: Assets/_Television_set/Sources/Televisor_80.FBX
  artifactKey: Guid(8e78b47319cfabb48a77eb878c09d660) Importer(815301076,1909f56bfc062723c751e8b465ee728b)
Start importing Assets/_Television_set/Sources/Televisor_80.FBX using Guid(8e78b47319cfabb48a77eb878c09d660) Importer(815301076,1909f56bfc062723c751e8b465ee728b) (PreviewImporter) -> (artifact id: '851a2d8ce4c5a2120132167f7fde9f8a') in 0.1622452 seconds
Number of updated asset objects reloaded before import = 0Number of asset objects unloaded after import = 9

========================================================================
Received Import Request.
  Time since last request: 0.000089 seconds.
  path: Assets/_Television_set/Sources/Tv_1_2.FBX
  artifactKey: Guid(26476caddb5857c4690ed192867040ef) Importer(815301076,1909f56bfc062723c751e8b465ee728b)
Start importing Assets/_Television_set/Sources/Tv_1_2.FBX using Guid(26476caddb5857c4690ed192867040ef) Importer(815301076,1909f56bfc062723c751e8b465ee728b) (PreviewImporter) -> (artifact id: '945cc12a37ec852a2e33eb1a96a76ee1') in 0.1043885 seconds
Number of updated asset objects reloaded before import = 0Number of asset objects unloaded after import = 17

========================================================================
Received Import Request.
  Time since last request: 2.581441 seconds.
  path: Assets/_Television_set/Sources/Materials/Tv_1_2_default_Default_color.mat
  artifactKey: Guid(309d1a0c020bed140bfd0804cb143515) Importer(815301076,1909f56bfc062723c751e8b465ee728b)
Start importing Assets/_Television_set/Sources/Materials/Tv_1_2_default_Default_color.mat using Guid(309d1a0c020bed140bfd0804cb143515) Importer(815301076,1909f56bfc062723c751e8b465ee728b) (PreviewImporter) -> (artifact id: 'd3fc63966d73592df77d807ec2570ebe') in 0.1363316 seconds
Number of updated asset objects reloaded before import = 0Number of asset objects unloaded after import = 1

========================================================================
Received Import Request.
  Time since last request: 0.000108 seconds.
  path: Assets/_Television_set/Sources/Materials/Tv_3_4.mat
  artifactKey: Guid(ab75909894de3ba4298bf5f22b1f09e0) Importer(815301076,1909f56bfc062723c751e8b465ee728b)
Start importing Assets/_Television_set/Sources/Materials/Tv_3_4.mat using Guid(ab75909894de3ba4298bf5f22b1f09e0) Importer(815301076,1909f56bfc062723c751e8b465ee728b) (PreviewImporter) -> (artifact id: '19493ea89d376eda13bcd4a8f7084b7d') in 0.0743964 seconds
Number of updated asset objects reloaded before import = 0Number of asset objects unloaded after import = 5

========================================================================
Received Import Request.
  Time since last request: 0.000085 seconds.
  path: Assets/_Television_set/Sources/Materials/Tv_1_2_diff.png
  artifactKey: Guid(8ca9bfcbb2ce7b541a82fd20ccd63775) Importer(815301076,1909f56bfc062723c751e8b465ee728b)
Start importing Assets/_Television_set/Sources/Materials/Tv_1_2_diff.png using Guid(8ca9bfcbb2ce7b541a82fd20ccd63775) Importer(815301076,1909f56bfc062723c751e8b465ee728b) (PreviewImporter) -> (artifact id: 'eaf313f04824a2e6405eebd7139bab3f') in 0.0792079 seconds
Number of updated asset objects reloaded before import = 0Number of asset objects unloaded after import = 2

Editor requested this worker to shutdown with reason: Scaling down because of idle timeout
AssetImportWorker is now disconnected from the server
Process exiting
Exiting without the bug reporter. Application will terminate with return code 0