[Licensing::Module] Trying to connect to existing licensing client channel...
Built from '6000.3/staging' branch; Version is '6000.3.3f1 (ef04196de0d6) revision 15664153'; Using compiler version '194234433'; Build Type 'Release'
OS: 'Windows 11  (10.0.26100) 64bit CoreSingleLanguage' Language: 'es' Physical Memory: 5989 MB
BatchMode: 1, IsHumanControllingUs: 0, StartBugReporterOnCrash: 0, Is64bit: 1
Date: 2026-03-04T13:50:23Z
[Licensing::IpcConnector] Successfully connected to: "LicenseClient-AGTG" at "2026-03-04T13:50:23.1925912Z"

COMMAND LINE ARGUMENTS:
C:\Program Files\Unity\Hub\Editor\6000.3.3f1\Editor\Unity.exe
-adb2
-batchMode
-noUpm
-name
AssetImportWorker2
-projectPath
C:/UTL/5/RV/UnityVRProject_HingerJoint
-logFile
Logs/AssetImportWorker2.log
-srvPort
52836
-licensingIpc
LicenseClient-AGTG
-job-worker-count
7
-background-job-worker-count
8
-gc-helper-count
1
-name
AssetImport
Successfully changed project path to: C:/UTL/5/RV/UnityVRProject_HingerJoint
C:/UTL/5/RV/UnityVRProject_HingerJoint
[UnityMemory] Configuration Parameters - Can be set up in boot.config
    "memorysetup-temp-allocator-size-nav-mesh-worker=65536"
    "memorysetup-temp-allocator-size-audio-worker=65536"
    "memorysetup-temp-allocator-size-gfx=262144"
    "memorysetup-allocator-temp-initial-block-size-main=262144"
    "memorysetup-allocator-temp-initial-block-size-worker=262144"
    "memorysetup-temp-allocator-size-background-worker=32768"
    "memorysetup-temp-allocator-size-job-worker=262144"
    "memorysetup-temp-allocator-size-preload-manager=33554432"
    "memorysetup-temp-allocator-size-gi-baking-worker=262144"
    "memorysetup-temp-allocator-size-gi-baking-worker=262144"
    "memorysetup-temp-allocator-size-gi-baking-worker=262144"
    "memorysetup-temp-allocator-size-gi-baking-worker=262144"
    "memorysetup-temp-allocator-size-gi-baking-worker=262144"
    "memorysetup-bucket-allocator-granularity=16"
    "memorysetup-bucket-allocator-bucket-count=8"
    "memorysetup-bucket-allocator-block-size=33554432"
    "memorysetup-bucket-allocator-block-count=8"
    "memorysetup-main-allocator-block-size=16777216"
    "memorysetup-thread-allocator-block-size=16777216"
    "memorysetup-gfx-main-allocator-block-size=16777216"
    "memorysetup-gfx-thread-allocator-block-size=16777216"
    "memorysetup-cache-allocator-block-size=4194304"
    "memorysetup-typetree-allocator-block-size=2097152"
    "memorysetup-profiler-bucket-allocator-granularity=16"
    "memorysetup-profiler-bucket-allocator-bucket-count=8"
    "memorysetup-profiler-bucket-allocator-block-size=33554432"
    "memorysetup-profiler-bucket-allocator-block-count=8"
    "memorysetup-profiler-allocator-block-size=16777216"
    "memorysetup-profiler-editor-allocator-block-size=1048576"
    "memorysetup-temp-allocator-size-main=16777216"
    "memorysetup-job-temp-allocator-block-size=2097152"
    "memorysetup-job-temp-allocator-block-size-background=1048576"
    "memorysetup-job-temp-allocator-reduction-small-platforms=262144"
    "memorysetup-temp-allocator-size-cloud-worker=32768"
Player connection [5104]  Target information:

Player connection [5104]  * "[IP] 10.57.158.122 [Port] 0 [Flags] 2 [Guid] 1508379868 [EditorId] 1508379868 [Version] 1048832 [Id] WindowsEditor(7,LAPTOP-FRNAB7L4) [Debug] 1 [PackageName] WindowsEditor [ProjectName] Editor" 

Player connection [5104] Host joined multi-casting on [225.0.0.222:54997]...
Player connection [5104] Host joined alternative multi-casting on [225.0.0.222:34997]...
JobSystem: Creating JobQueue using job-worker-count value 7
Input System module state changed to: Initialized.
[Physics::Module] Initialized fallback backend.
[Physics::Module] Id: 0xdecafbad
Library Redirect Path: Library/
[Physics::Module] Selected backend.
[Physics::Module] Name: PhysX
[Physics::Module] Id: 0xf2b8ea05
[Physics::Module] SDK Version: 4.1.2
[Physics::Module] Integration Version: 1.0.0
[Physics::Module] Threading Mode: Multi-Threaded
[Licensing::Module] Licensing is not yet initialized.
[Licensing::Client] Handshaking with LicensingClient:
  Version:                 1.17.4+4293ba1
  Session Id:              1db49f584b364c4db690ac68e90f8d85
  Correlation Id:          a106f52c8f4da16293699b40a06832c1
  External correlation Id: 5920933291259636308
  Machine Id:              QAvtsWnuQ/xxe/fIBFD/mSrd04E=
[Licensing::Module] Successfully connected to LicensingClient on channel: "LicenseClient-AGTG" (connect: 0.00s, validation: 0.02s, handshake: 3.81s)
[Licensing::IpcConnector] Successfully connected to: "LicenseClient-AGTG-notifications" at "2026-03-04T13:50:27.0207928Z"
[Licensing::Module] Licensing Background thread has ended after 3.83s
[Licensing::Module] Licensing is initialized (took 2.71s).
[Licensing::Client] Successfully resolved entitlement details
[Licensing::Module] License group:
  Id: 4674149408653-UnityPersXXXX
  Product: Unity Personal
  Type: Assigned
  Expiration: Unlimited
Refreshing native plugins compatible for Editor in 180.45 ms, found 13 plugins.
Preloading 1 native plugins for Editor in 2.14 ms.
Initialize engine version: 6000.3.3f1 (ef04196de0d6)
[Subsystems] Discovering subsystems at path C:/Program Files/Unity/Hub/Editor/6000.3.3f1/Editor/Data/Resources/UnitySubsystems
[Subsystems] Discovering subsystems at path C:/UTL/5/RV/UnityVRProject_HingerJoint/Assets
GfxDevice: creating device client; kGfxThreadingModeNonThreaded
Direct3D:
    Version:  Direct3D 11.0 [level 11.1]
    Renderer: AMD Radeon(TM) Graphics (ID=0x164c)
    Vendor:   ATI
    VRAM:     2994 MB
    Driver:   31.0.21912.3005
Initialize mono
Mono path[0] = 'C:/Program Files/Unity/Hub/Editor/6000.3.3f1/Editor/Data/Managed'
Mono path[1] = 'C:/Program Files/Unity/Hub/Editor/6000.3.3f1/Editor/Data/MonoBleedingEdge/lib/mono/unityjit-win32'
Mono config path = 'C:/Program Files/Unity/Hub/Editor/6000.3.3f1/Editor/Data/MonoBleedingEdge/etc'
Using monoOptions --debugger-agent=transport=dt_socket,embedding=1,server=y,suspend=n,address=127.0.0.1:56392
Begin MonoManager ReloadAssembly
Registering precompiled unity dll's ...
Register platform support module: C:/Program Files/Unity/Hub/Editor/6000.3.3f1/Editor/Data/PlaybackEngines/WebGLSupport/UnityEditor.WebGL.Extensions.dll
Register platform support module: C:/Program Files/Unity/Hub/Editor/6000.3.3f1/Editor/Data/PlaybackEngines/WindowsStandaloneSupport/UnityEditor.WindowsStandalone.Extensions.dll
Register platform support module: C:/Program Files/Unity/Hub/Editor/6000.3.3f1/Editor/Data/PlaybackEngines/AndroidPlayer/UnityEditor.Android.Extensions.dll
Registered in 0.017122 seconds.
- Loaded All Assemblies, in  1.886 seconds
Native extension for Android target not found
Android Extension - Scanning For ADB Devices 935 ms
Native extension for WindowsStandalone target not found
Native extension for WebGL target not found
Mono: successfully reloaded assembly
- Finished resetting the current domain, in  2.703 seconds
Domain Reload Profiling: 4579ms
	BeginReloadAssembly (713ms)
		ExecutionOrderSort (0ms)
		DisableScriptedObjects (0ms)
		BackupInstance (0ms)
		ReleaseScriptingObjects (0ms)
		CreateAndSetChildDomain (3ms)
	RebuildCommonClasses (154ms)
	RebuildNativeTypeToScriptingClass (59ms)
	initialDomainReloadingComplete (197ms)
	LoadAllAssembliesAndSetupDomain (752ms)
		LoadAssemblies (704ms)
		RebuildTransferFunctionScriptingTraits (0ms)
		AnalyzeDomain (735ms)
			TypeCache.Refresh (730ms)
				TypeCache.ScanAssembly (684ms)
			BuildScriptInfoCaches (0ms)
			ResolveRequiredComponents (2ms)
	FinalizeReload (2704ms)
		ReleaseScriptCaches (0ms)
		RebuildScriptCaches (0ms)
		SetupLoadedEditorAssemblies (2522ms)
			LogAssemblyErrors (0ms)
			InitializePlatformSupportModulesInManaged (1353ms)
			SetLoadedEditorAssemblies (11ms)
			BeforeProcessingInitializeOnLoad (317ms)
			ProcessInitializeOnLoadAttributes (547ms)
			ProcessInitializeOnLoadMethodAttributes (292ms)
			AfterProcessingInitializeOnLoad (0ms)
			EditorAssembliesLoaded (0ms)
		ExecutionOrderSort2 (0ms)
		AwakeInstancesAfterBackupRestoration (0ms)
========================================================================
Worker process is ready to serve import requests
Import Worker Mode flag is 0x00
Begin MonoManager ReloadAssembly
[Licensing::Client] Successfully resolved entitlement details
- Loaded All Assemblies, in  3.570 seconds
Refreshing native plugins compatible for Editor in 73.71 ms, found 13 plugins.
Native extension for Android target not found
Native extension for WindowsStandalone target not found
Native extension for WebGL target not found
Package Manager log level set to [2]
[Package Manager] Failed to launch server process. Reason: Unity was launched with the -noUpm command-line argument
[Package Manager] Unable to send message (not connected to server process).
[Package Manager] Cannot connect to Unity Package Manager local server
System.Reflection.TargetInvocationException: Exception has been thrown by the target of an invocation. ---> System.NullReferenceException: Object reference not set to an instance of an object
  at Unity.XR.Oculus.OculusLoader.AssetPathToAbsolutePath (System.String assetPath) [0x0003d] in .\Library\PackageCache\com.unity.xr.oculus@68ef97a4d91e\Runtime\OculusLoader.cs:312 
  at Unity.XR.Oculus.OculusLoader.EditorLoadOVRPlugin () [0x0008c] in .\Library\PackageCache\com.unity.xr.oculus@68ef97a4d91e\Runtime\OculusLoader.cs:297 
  at (wrapper managed-to-native) System.Reflection.RuntimeMethodInfo.InternalInvoke(System.Reflection.RuntimeMethodInfo,object,object[],System.Exception&)
  at System.Reflection.RuntimeMethodInfo.Invoke (System.Object obj, System.Reflection.BindingFlags invokeAttr, System.Reflection.Binder binder, System.Object[] parameters, System.Globalization.CultureInfo culture) [0x0006a] in <1eb9db207454431c84a47bcd81e79c37>:0 
   --- End of inner exception stack trace ---
  at System.Reflection.RuntimeMethodInfo.Invoke (System.Object obj, System.Reflection.BindingFlags invokeAttr, System.Reflection.Binder binder, System.Object[] parameters, System.Globalization.CultureInfo culture) [0x00083] in <1eb9db207454431c84a47bcd81e79c37>:0 
  at System.Reflection.MethodBase.Invoke (System.Object obj, System.Object[] parameters) [0x00000] in <1eb9db207454431c84a47bcd81e79c37>:0 
  at UnityEditor.EditorAssemblies.ProcessInitializeOnLoadMethodAttributes () [0x00087] in <6af83ae2d15b4450b49e1958cf1785d8>:0 
UnityEngine.Debug:ExtractStackTraceNoAlloc (byte*,int,string)
UnityEngine.StackTraceUtility:ExtractStackTrace ()
UnityEngine.DebugLogHandler:Internal_Log (UnityEngine.LogType,UnityEngine.LogOption,string,UnityEngine.Object)
UnityEngine.DebugLogHandler:LogFormat (UnityEngine.LogType,UnityEngine.Object,string,object[])
UnityEngine.Logger:Log (UnityEngine.LogType,object)
UnityEngine.Debug:LogError (object)
UnityEditor.EditorAssemblies:ProcessInitializeOnLoadMethodAttributes ()

Mono: successfully reloaded assembly
[Package Manager] Failed to launch server process. Reason: Unity was launched with the -noUpm command-line argument
[Package Manager] Unable to send message (not connected to server process).
[Package Manager] Cannot connect to Unity Package Manager local server
[Package Manager] Failed to launch server process. Reason: Unity was launched with the -noUpm command-line argument
[Package Manager] Unable to send message (not connected to server process).
[Package Manager] Cannot connect to Unity Package Manager local server
- Finished resetting the current domain, in  4.205 seconds
Domain Reload Profiling: 7730ms
	BeginReloadAssembly (672ms)
		ExecutionOrderSort (0ms)
		DisableScriptedObjects (32ms)
		BackupInstance (0ms)
		ReleaseScriptingObjects (0ms)
		CreateAndSetChildDomain (111ms)
	RebuildCommonClasses (143ms)
	RebuildNativeTypeToScriptingClass (61ms)
	initialDomainReloadingComplete (138ms)
	LoadAllAssembliesAndSetupDomain (2509ms)
		LoadAssemblies (1659ms)
		RebuildTransferFunctionScriptingTraits (0ms)
		AnalyzeDomain (1207ms)
			TypeCache.Refresh (882ms)
				TypeCache.ScanAssembly (822ms)
			BuildScriptInfoCaches (259ms)
			ResolveRequiredComponents (51ms)
	FinalizeReload (4206ms)
		ReleaseScriptCaches (0ms)
		RebuildScriptCaches (0ms)
		SetupLoadedEditorAssemblies (3384ms)
			LogAssemblyErrors (0ms)
			InitializePlatformSupportModulesInManaged (33ms)
			SetLoadedEditorAssemblies (16ms)
			BeforeProcessingInitializeOnLoad (545ms)
			ProcessInitializeOnLoadAttributes (2280ms)
			ProcessInitializeOnLoadMethodAttributes (491ms)
			AfterProcessingInitializeOnLoad (19ms)
			EditorAssembliesLoaded (1ms)
		ExecutionOrderSort2 (0ms)
		AwakeInstancesAfterBackupRestoration (18ms)
Launched and connected shader compiler UnityShaderCompiler.exe after 0.05 seconds
Refreshing native plugins compatible for Editor in 42.43 ms, found 13 plugins.
Preloading 1 native plugins for Editor in 0.25 ms.
Unloading 16 Unused Serialized files (Serialized files now loaded: 0)
Unloading 7562 unused Assets / (6.0 MB). Loaded Objects now: 8392.
Memory consumption went from 158.6 MB to 152.5 MB.
Total: 36.358500 ms (FindLiveObjects: 1.819100 ms CreateObjectMapping: 2.167500 ms MarkObjects: 21.919500 ms  DeleteObjects: 10.449100 ms)

========================================================================
Received Import Request.
  Time since last request: 20413.799581 seconds.
  path: Assets/Scenes/04_HingeJoint_1.unity
  artifactKey: Guid(e9fa119fca00292449b7c33cec18fc42) Importer(2089858483,b0f066a214c2f5e87bad3c948f4d605d)
Start importing Assets/Scenes/04_HingeJoint_1.unity using Guid(e9fa119fca00292449b7c33cec18fc42) Importer(2089858483,b0f066a214c2f5e87bad3c948f4d605d) (ScriptedImporter) -> (artifact id: '5e48ee5e967e654b8320661238937857') in 0.3111394 seconds
Number of updated asset objects reloaded before import = 0Number of asset objects unloaded after import = 1

========================================================================
Received Import Request.
  Time since last request: 0.000056 seconds.
  path: Assets/_Television_set/Sources
  artifactKey: Guid(8afb1718ee192ae4aafc148f5d81840f) Importer(2089858483,b0f066a214c2f5e87bad3c948f4d605d)
Start importing Assets/_Television_set/Sources using Guid(8afb1718ee192ae4aafc148f5d81840f) Importer(2089858483,b0f066a214c2f5e87bad3c948f4d605d) (ScriptedImporter) -> (artifact id: 'e0023f55d6299774ef722fab61da1178') in 0.0343367 seconds
Number of updated asset objects reloaded before import = 0Number of asset objects unloaded after import = 1

========================================================================
Received Import Request.
  Time since last request: 0.000061 seconds.
  path: Assets/_Television_set/Sources/Materials/Tv_1_2_diff.png
  artifactKey: Guid(8ca9bfcbb2ce7b541a82fd20ccd63775) Importer(2089858483,b0f066a214c2f5e87bad3c948f4d605d)
Start importing Assets/_Television_set/Sources/Materials/Tv_1_2_diff.png using Guid(8ca9bfcbb2ce7b541a82fd20ccd63775) Importer(2089858483,b0f066a214c2f5e87bad3c948f4d605d) (ScriptedImporter)[Licensing::Client] Successfully resolved entitlement details
 -> (artifact id: '6f9b21e1428869dd0161af61226eb1e1') in 0.3236691 seconds
Number of updated asset objects reloaded before import = 0Number of asset objects unloaded after import = 1

========================================================================
Received Import Request.
  Time since last request: 0.000039 seconds.
  path: Assets/_Television_set/Sources/Materials
  artifactKey: Guid(416fabfdde0abfa4ab54f837c912f6ff) Importer(2089858483,b0f066a214c2f5e87bad3c948f4d605d)
Start importing Assets/_Television_set/Sources/Materials using Guid(416fabfdde0abfa4ab54f837c912f6ff) Importer(2089858483,b0f066a214c2f5e87bad3c948f4d605d) (ScriptedImporter) -> (artifact id: 'e2026d2858a42042419dec6d737a2b78') in 0.0269079 seconds
Number of updated asset objects reloaded before import = 0Number of asset objects unloaded after import = 1

========================================================================
Received Import Request.
  Time since last request: 0.000076 seconds.
  path: Assets/_Television_set/Sources/Materials/Tv_1_2.mat
  artifactKey: Guid(c147bc251c9a3e14f9f2592373ab18e7) Importer(2089858483,b0f066a214c2f5e87bad3c948f4d605d)
Start importing Assets/_Television_set/Sources/Materials/Tv_1_2.mat using Guid(c147bc251c9a3e14f9f2592373ab18e7) Importer(2089858483,b0f066a214c2f5e87bad3c948f4d605d) (ScriptedImporter) -> (artifact id: '396ae31bb03b207b9afeb9c2533676ee') in 0.1468791 seconds
Number of updated asset objects reloaded before import = 0Number of asset objects unloaded after import = 5

========================================================================
Received Import Request.
  Time since last request: 0.000045 seconds.
  path: Assets/_Television_set/Sources/Materials/Tv_3_4_gloss.png
  artifactKey: Guid(99d05ef6a15c5774a903dda7b892cf9a) Importer(2089858483,b0f066a214c2f5e87bad3c948f4d605d)
Start importing Assets/_Television_set/Sources/Materials/Tv_3_4_gloss.png using Guid(99d05ef6a15c5774a903dda7b892cf9a) Importer(2089858483,b0f066a214c2f5e87bad3c948f4d605d) (ScriptedImporter) -> (artifact id: '4c012fb7ffe122a866f9ff68cf2856fc') in 0.0615038 seconds
Number of updated asset objects reloaded before import = 0Number of asset objects unloaded after import = 1

========================================================================
Received Import Request.
  Time since last request: 0.000058 seconds.
  path: Assets/_Television_set/TV_70.prefab
  artifactKey: Guid(36e08fddbbb585241afd80c5ff91baae) Importer(2089858483,b0f066a214c2f5e87bad3c948f4d605d)
Start importing Assets/_Television_set/TV_70.prefab using Guid(36e08fddbbb585241afd80c5ff91baae) Importer(2089858483,b0f066a214c2f5e87bad3c948f4d605d) (ScriptedImporter) -> (artifact id: 'cb8c8071897a8504b617d0f31c1845ef') in 0.1539992 seconds
Number of updated asset objects reloaded before import = 0Number of asset objects unloaded after import = 15

========================================================================
Received Import Request.
  Time since last request: 0.000043 seconds.
  path: Assets/_Television_set/TV_70_pic.prefab
  artifactKey: Guid(9b68a2aa6e4d98a4d98ab316a6a8df44) Importer(2089858483,b0f066a214c2f5e87bad3c948f4d605d)
Start importing Assets/_Television_set/TV_70_pic.prefab using Guid(9b68a2aa6e4d98a4d98ab316a6a8df44) Importer(2089858483,b0f066a214c2f5e87bad3c948f4d605d) (ScriptedImporter) -> (artifact id: 'ee6e4c0336402e372ddad7a48e4decc8') in 0.0564283 seconds
Number of updated asset objects reloaded before import = 0Number of asset objects unloaded after import = 15

========================================================================
Received Import Request.
  Time since last request: 0.000125 seconds.
  path: Assets/_Television_set/Sources/Materials/yourPic.png
  artifactKey: Guid(f0eb6a24108456d48813b8ce215d617b) Importer(2089858483,b0f066a214c2f5e87bad3c948f4d605d)
Start importing Assets/_Television_set/Sources/Materials/yourPic.png using Guid(f0eb6a24108456d48813b8ce215d617b) Importer(2089858483,b0f066a214c2f5e87bad3c948f4d605d) (ScriptedImporter) -> (artifact id: '8b23c11a5fb31a60e6bb7538121ad3a4') in 0.0515704 seconds
Number of updated asset objects reloaded before import = 0Number of asset objects unloaded after import = 1

========================================================================
Received Import Request.
  Time since last request: 0.000044 seconds.
  path: Assets/_Television_set/TV_90_pic.prefab
  artifactKey: Guid(e6b4fced9d9b2be4d8e4b5756ef723ea) Importer(2089858483,b0f066a214c2f5e87bad3c948f4d605d)
Start importing Assets/_Television_set/TV_90_pic.prefab using Guid(e6b4fced9d9b2be4d8e4b5756ef723ea) Importer(2089858483,b0f066a214c2f5e87bad3c948f4d605d) (ScriptedImporter) -> (artifact id: 'bbd06bdf8b773c947dd179671f2e626e') in 0.054077 seconds
Number of updated asset objects reloaded before import = 0Number of asset objects unloaded after import = 10

========================================================================
Received Import Request.
  Time since last request: 0.000061 seconds.
  path: Assets/_Television_set/Sources/Televisor_00.FBX
  artifactKey: Guid(a0735c0199160ca47923f5c5b01bbc9d) Importer(2089858483,b0f066a214c2f5e87bad3c948f4d605d)
Start importing Assets/_Television_set/Sources/Televisor_00.FBX using Guid(a0735c0199160ca47923f5c5b01bbc9d) Importer(2089858483,b0f066a214c2f5e87bad3c948f4d605d) (ScriptedImporter) -> (artifact id: 'cdb78bde4e246e73424648cca9374b35') in 0.149195 seconds
Number of updated asset objects reloaded before import = 0Number of asset objects unloaded after import = 11

========================================================================
Received Import Request.
  Time since last request: 0.000077 seconds.
  path: Assets/_Television_set/Sources/Materials/Tv_1_2_normal.png
  artifactKey: Guid(23398f5e21877b344bdd37e66b29a835) Importer(2089858483,b0f066a214c2f5e87bad3c948f4d605d)
Start importing Assets/_Television_set/Sources/Materials/Tv_1_2_normal.png using Guid(23398f5e21877b344bdd37e66b29a835) Importer(2089858483,b0f066a214c2f5e87bad3c948f4d605d) (ScriptedImporter) -> (artifact id: 'e4c12e0ad83f05a6ac87241210a7d4f1') in 0.0635973 seconds
Number of updated asset objects reloaded before import = 0Number of asset objects unloaded after import = 1

========================================================================
Received Import Request.
  Time since last request: 0.000048 seconds.
  path: Assets/_Television_set/Sources/Materials/Material #25.mat
  artifactKey: Guid(1b436697d4f82164daa163939b861652) Importer(2089858483,b0f066a214c2f5e87bad3c948f4d605d)
Start importing Assets/_Television_set/Sources/Materials/Material #25.mat using Guid(1b436697d4f82164daa163939b861652) Importer(2089858483,b0f066a214c2f5e87bad3c948f4d605d) (ScriptedImporter) -> (artifact id: '71b90585b3eb1b70768bc48c0f5c49c0') in 0.0387695 seconds
Number of updated asset objects reloaded before import = 0Number of asset objects unloaded after import = 1

========================================================================
Received Import Request.
  Time since last request: 0.000054 seconds.
  path: Assets/_Television_set/Sources/Materials/Tv_3_4_diff.png
  artifactKey: Guid(7051c15489f463d47b35213b0c0fcabc) Importer(2089858483,b0f066a214c2f5e87bad3c948f4d605d)
Start importing Assets/_Television_set/Sources/Materials/Tv_3_4_diff.png using Guid(7051c15489f463d47b35213b0c0fcabc) Importer(2089858483,b0f066a214c2f5e87bad3c948f4d605d) (ScriptedImporter) -> (artifact id: 'e80f3dce85c10378f8d607f07066e5af') in 0.0704214 seconds
Number of updated asset objects reloaded before import = 0Number of asset objects unloaded after import = 1

========================================================================
Received Import Request.
  Time since last request: 0.000040 seconds.
  path: Assets/Resources/Materials/paredes.mat
  artifactKey: Guid(3004b5f00a907c44e8467c2fbca39844) Importer(2089858483,b0f066a214c2f5e87bad3c948f4d605d)
Start importing Assets/Resources/Materials/paredes.mat using Guid(3004b5f00a907c44e8467c2fbca39844) Importer(2089858483,b0f066a214c2f5e87bad3c948f4d605d) (ScriptedImporter) -> (artifact id: 'e8c0c5f84b9e773fc2851e62008f5fc4') in 0.0376507 seconds
Number of updated asset objects reloaded before import = 0Number of asset objects unloaded after import = 1

========================================================================
Received Import Request.
  Time since last request: 0.000066 seconds.
  path: Assets/_Television_set/Sources/Materials/_Tv_newdefault_Default.mat
  artifactKey: Guid(2af51468c9139e3458f08b9a864fb743) Importer(2089858483,b0f066a214c2f5e87bad3c948f4d605d)
Start importing Assets/_Television_set/Sources/Materials/_Tv_newdefault_Default.mat using Guid(2af51468c9139e3458f08b9a864fb743) Importer(2089858483,b0f066a214c2f5e87bad3c948f4d605d) (ScriptedImporter) -> (artifact id: 'a66e700aa61b32801f661d7affedf97d') in 0.0433628 seconds
Number of updated asset objects reloaded before import = 0Number of asset objects unloaded after import = 1

========================================================================
Received Import Request.
  Time since last request: 0.000035 seconds.
  path: Assets/_Television_set/Sources/Televisor_70.FBX
  artifactKey: Guid(ae036e67213013941ae9cb3d1b4e403a) Importer(2089858483,b0f066a214c2f5e87bad3c948f4d605d)
Start importing Assets/_Television_set/Sources/Televisor_70.FBX using Guid(ae036e67213013941ae9cb3d1b4e403a) Importer(2089858483,b0f066a214c2f5e87bad3c948f4d605d) (ScriptedImporter) -> (artifact id: 'fd80a94a2e5a76cf8600df3165b7e606') in 0.0586563 seconds
Number of updated asset objects reloaded before import = 0Number of asset objects unloaded after import = 13

========================================================================
Received Import Request.
  Time since last request: 0.000049 seconds.
  path: Assets/_Television_set/1.mat
  artifactKey: Guid(31bf4fd76097dba43b674789cbdad406) Importer(2089858483,b0f066a214c2f5e87bad3c948f4d605d)
Start importing Assets/_Television_set/1.mat using Guid(31bf4fd76097dba43b674789cbdad406) Importer(2089858483,b0f066a214c2f5e87bad3c948f4d605d) (ScriptedImporter) -> (artifact id: 'c2a8f0fe9c6b8b7b8dddfa47df90344a') in 0.0370469 seconds
Number of updated asset objects reloaded before import = 0Number of asset objects unloaded after import = 1

========================================================================
Received Import Request.
  Time since last request: 5.956561 seconds.
  path: Assets/_Television_set/1.mat
  artifactKey: Guid(31bf4fd76097dba43b674789cbdad406) Importer(2089858483,b0f066a214c2f5e87bad3c948f4d605d)
Start importing Assets/_Television_set/1.mat using Guid(31bf4fd76097dba43b674789cbdad406) Importer(2089858483,b0f066a214c2f5e87bad3c948f4d605d) (ScriptedImporter) -> (artifact id: '1ab77a4dd4f439a91ffdaa3dedf10529') in 0.0513126 seconds
Number of updated asset objects reloaded before import = 0Number of asset objects unloaded after import = 2

========================================================================
Received Import Request.
  Time since last request: 0.000043 seconds.
  path: Assets/_Television_set/TV_00_pic.prefab
  artifactKey: Guid(ba7c1599e3d5a734b9f29545efdcf78a) Importer(2089858483,b0f066a214c2f5e87bad3c948f4d605d)
Start importing Assets/_Television_set/TV_00_pic.prefab using Guid(ba7c1599e3d5a734b9f29545efdcf78a) Importer(2089858483,b0f066a214c2f5e87bad3c948f4d605d) (ScriptedImporter) -> (artifact id: '6cf48b9770d71d3fc4b3f39c5a7359d9') in 0.0447412 seconds
Number of updated asset objects reloaded before import = 0Number of asset objects unloaded after import = 10

========================================================================
Received Import Request.
  Time since last request: 0.474350 seconds.
  path: Assets/_Television_set/Sources/Materials/YourPic.mat
  artifactKey: Guid(16aebe7d34d5f6e4ca9d778acc20d47e) Importer(2089858483,b0f066a214c2f5e87bad3c948f4d605d)
Start importing Assets/_Television_set/Sources/Materials/YourPic.mat using Guid(16aebe7d34d5f6e4ca9d778acc20d47e) Importer(2089858483,b0f066a214c2f5e87bad3c948f4d605d) (ScriptedImporter) -> (artifact id: 'a48104e9e534d7a1aa556096fb155f80') in 0.0478462 seconds
Number of updated asset objects reloaded before import = 0Number of asset objects unloaded after import = 3

========================================================================
Received Import Request.
  Time since last request: 7.311700 seconds.
  path: Assets/_Television_set/Sources/Materials/YourPic.mat
  artifactKey: Guid(16aebe7d34d5f6e4ca9d778acc20d47e) Importer(2089858483,b0f066a214c2f5e87bad3c948f4d605d)
Start importing Assets/_Television_set/Sources/Materials/YourPic.mat using Guid(16aebe7d34d5f6e4ca9d778acc20d47e) Importer(2089858483,b0f066a214c2f5e87bad3c948f4d605d) (ScriptedImporter) -> (artifact id: 'df610483531eddc24abdec644ad7ef07') in 0.0535519 seconds
Number of updated asset objects reloaded before import = 0Number of asset objects unloaded after import = 3

========================================================================
Received Import Request.
  Time since last request: 6.028765 seconds.
  path: Assets/_Television_set/TV_00_pic.prefab
  artifactKey: Guid(ba7c1599e3d5a734b9f29545efdcf78a) Importer(815301076,1909f56bfc062723c751e8b465ee728b)
Start importing Assets/_Television_set/TV_00_pic.prefab using Guid(ba7c1599e3d5a734b9f29545efdcf78a) Importer(815301076,1909f56bfc062723c751e8b465ee728b) (PreviewImporter) -> (artifact id: 'f77edafd387c052f7c0d1b119323f0fb') in 5.6615666 seconds
Number of updated asset objects reloaded before import = 0Number of asset objects unloaded after import = 16

========================================================================
Received Import Request.
  Time since last request: 14.425714 seconds.
  path: Assets/_Television_set/Sources/Televisor_00.FBX
  artifactKey: Guid(a0735c0199160ca47923f5c5b01bbc9d) Importer(815301076,1909f56bfc062723c751e8b465ee728b)
Start importing Assets/_Television_set/Sources/Televisor_00.FBX using Guid(a0735c0199160ca47923f5c5b01bbc9d) Importer(815301076,1909f56bfc062723c751e8b465ee728b) (PreviewImporter) -> (artifact id: 'a55ffafff6aba637981f57189ab22956') in 0.1946486 seconds
Number of updated asset objects reloaded before import = 0Number of asset objects unloaded after import = 11

========================================================================
Received Import Request.
  Time since last request: 0.000086 seconds.
  path: Assets/_Television_set/Sources/Televisor_90.FBX
  artifactKey: Guid(0d2af790d2a3c244ba25944d1d5b70b6) Importer(815301076,1909f56bfc062723c751e8b465ee728b)
Start importing Assets/_Television_set/Sources/Televisor_90.FBX using Guid(0d2af790d2a3c244ba25944d1d5b70b6) Importer(815301076,1909f56bfc062723c751e8b465ee728b) (PreviewImporter) -> (artifact id: '58ddf990f8e6d788d7064f29ddde3b24') in 0.0764287 seconds
Number of updated asset objects reloaded before import = 0Number of asset objects unloaded after import = 9

========================================================================
Received Import Request.
  Time since last request: 2.417472 seconds.
  path: Assets/_Television_set/Sources/Materials/_tv_olddefault_Default.mat
  artifactKey: Guid(0ba4fec1b4a79eb488c9cf17c7b45d43) Importer(815301076,1909f56bfc062723c751e8b465ee728b)
Start importing Assets/_Television_set/Sources/Materials/_tv_olddefault_Default.mat using Guid(0ba4fec1b4a79eb488c9cf17c7b45d43) Importer(815301076,1909f56bfc062723c751e8b465ee728b) (PreviewImporter) -> (artifact id: '11195e48345db042d841d801344e7fd6') in 0.1851798 seconds
Number of updated asset objects reloaded before import = 0Number of asset objects unloaded after import = 1

========================================================================
Received Import Request.
  Time since last request: 0.000064 seconds.
  path: Assets/_Television_set/Sources/Materials/yourPic.png
  artifactKey: Guid(f0eb6a24108456d48813b8ce215d617b) Importer(815301076,1909f56bfc062723c751e8b465ee728b)
Start importing Assets/_Television_set/Sources/Materials/yourPic.png using Guid(f0eb6a24108456d48813b8ce215d617b) Importer(815301076,1909f56bfc062723c751e8b465ee728b) (PreviewImporter) -> (artifact id: '0bae0efc65ed6d5b5756af7e1c949272') in 0.0757658 seconds
Number of updated asset objects reloaded before import = 0Number of asset objects unloaded after import = 2

========================================================================
Received Import Request.
  Time since last request: 0.000087 seconds.
  path: Assets/_Television_set/Sources/Materials/Tv_1_2_gloss.png
  artifactKey: Guid(a4a8f38fd23db2b4e8dc9d461b6f489e) Importer(815301076,1909f56bfc062723c751e8b465ee728b)
Start importing Assets/_Television_set/Sources/Materials/Tv_1_2_gloss.png using Guid(a4a8f38fd23db2b4e8dc9d461b6f489e) Importer(815301076,1909f56bfc062723c751e8b465ee728b) (PreviewImporter) -> (artifact id: '20b7164337a38cba41f18fbc48a501c0') in 0.0759048 seconds
Number of updated asset objects reloaded before import = 0Number of asset objects unloaded after import = 2

========================================================================
Received Import Request.
  Time since last request: 0.000057 seconds.
  path: Assets/_Television_set/Sources/Materials/Tv_1_2_normal.png
  artifactKey: Guid(23398f5e21877b344bdd37e66b29a835) Importer(815301076,1909f56bfc062723c751e8b465ee728b)
Start importing Assets/_Television_set/Sources/Materials/Tv_1_2_normal.png using Guid(23398f5e21877b344bdd37e66b29a835) Importer(815301076,1909f56bfc062723c751e8b465ee728b) (PreviewImporter) -> (artifact id: 'ebb34d249d75f95afcfcc9f8f84ac2bd') in 0.07206 seconds
Number of updated asset objects reloaded before import = 0Number of asset objects unloaded after import = 2

========================================================================
Received Import Request.
  Time since last request: 5.741939 seconds.
  path: Assets/_Television_set/Sources/Materials/Materials/Tv_3_4_gloss.mat
  artifactKey: Guid(861612fae6367cb4a9fd19ee2d07039d) Importer(2089858483,b0f066a214c2f5e87bad3c948f4d605d)
Start importing Assets/_Television_set/Sources/Materials/Materials/Tv_3_4_gloss.mat using Guid(861612fae6367cb4a9fd19ee2d07039d) Importer(2089858483,b0f066a214c2f5e87bad3c948f4d605d) (ScriptedImporter) -> (artifact id: 'bee9d81ba9f1da5d05100650a4859a91') in 0.0622286 seconds
Number of updated asset objects reloaded before import = 0Number of asset objects unloaded after import = 1

========================================================================
Received Prepare
[Licensing::Client] Successfully resolved entitlement details
Begin MonoManager ReloadAssembly
[Licensing::Client] Successfully resolved entitlement details
- Loaded All Assemblies, in  8.881 seconds
Refreshing native plugins compatible for Editor in 50.71 ms, found 13 plugins.
Native extension for Android target not found
Native extension for WindowsStandalone target not found
Native extension for WebGL target not found
[Package Manager] Failed to launch server process. Reason: Unity was launched with the -noUpm command-line argument
[Package Manager] Unable to send message (not connected to server process).
[Package Manager] Cannot connect to Unity Package Manager local server
System.Reflection.TargetInvocationException: Exception has been thrown by the target of an invocation. ---> System.NullReferenceException: Object reference not set to an instance of an object
  at Unity.XR.Oculus.OculusLoader.AssetPathToAbsolutePath (System.String assetPath) [0x0003d] in .\Library\PackageCache\com.unity.xr.oculus@68ef97a4d91e\Runtime\OculusLoader.cs:312 
  at Unity.XR.Oculus.OculusLoader.EditorLoadOVRPlugin () [0x0008c] in .\Library\PackageCache\com.unity.xr.oculus@68ef97a4d91e\Runtime\OculusLoader.cs:297 
  at (wrapper managed-to-native) System.Reflection.RuntimeMethodInfo.InternalInvoke(System.Reflection.RuntimeMethodInfo,object,object[],System.Exception&)
  at System.Reflection.RuntimeMethodInfo.Invoke (System.Object obj, System.Reflection.BindingFlags invokeAttr, System.Reflection.Binder binder, System.Object[] parameters, System.Globalization.CultureInfo culture) [0x0006a] in <1eb9db207454431c84a47bcd81e79c37>:0 
   --- End of inner exception stack trace ---
  at System.Reflection.RuntimeMethodInfo.Invoke (System.Object obj, System.Reflection.BindingFlags invokeAttr, System.Reflection.Binder binder, System.Object[] parameters, System.Globalization.CultureInfo culture) [0x00083] in <1eb9db207454431c84a47bcd81e79c37>:0 
  at System.Reflection.MethodBase.Invoke (System.Object obj, System.Object[] parameters) [0x00000] in <1eb9db207454431c84a47bcd81e79c37>:0 
  at UnityEditor.EditorAssemblies.ProcessInitializeOnLoadMethodAttributes () [0x00087] in <6af83ae2d15b4450b49e1958cf1785d8>:0 
UnityEngine.Debug:ExtractStackTraceNoAlloc (byte*,int,string)
UnityEngine.StackTraceUtility:ExtractStackTrace ()
UnityEngine.DebugLogHandler:Internal_Log (UnityEngine.LogType,UnityEngine.LogOption,string,UnityEngine.Object)
UnityEngine.DebugLogHandler:LogFormat (UnityEngine.LogType,UnityEngine.Object,string,object[])
UnityEngine.Logger:Log (UnityEngine.LogType,object)
UnityEngine.Debug:LogError (object)
UnityEditor.EditorAssemblies:ProcessInitializeOnLoadMethodAttributes ()

Mono: successfully reloaded assembly
[Package Manager] Failed to launch server process. Reason: Unity was launched with the -noUpm command-line argument
[Package Manager] Unable to send message (not connected to server process).
[Package Manager] Cannot connect to Unity Package Manager local server
- Finished resetting the current domain, in  4.795 seconds
Domain Reload Profiling: 13803ms
	BeginReloadAssembly (3769ms)
		ExecutionOrderSort (11ms)
		DisableScriptedObjects (524ms)
		BackupInstance (0ms)
		ReleaseScriptingObjects (8ms)
		CreateAndSetChildDomain (1367ms)
	RebuildCommonClasses (231ms)
	RebuildNativeTypeToScriptingClass (56ms)
	initialDomainReloadingComplete (241ms)
	LoadAllAssembliesAndSetupDomain (4711ms)
		LoadAssemblies (3261ms)
		RebuildTransferFunctionScriptingTraits (0ms)
		AnalyzeDomain (2033ms)
			TypeCache.Refresh (88ms)
				TypeCache.ScanAssembly (0ms)
			BuildScriptInfoCaches (1725ms)
			ResolveRequiredComponents (71ms)
	FinalizeReload (4796ms)
		ReleaseScriptCaches (0ms)
		RebuildScriptCaches (0ms)
		SetupLoadedEditorAssemblies (3989ms)
			LogAssemblyErrors (0ms)
			InitializePlatformSupportModulesInManaged (37ms)
			SetLoadedEditorAssemblies (22ms)
			BeforeProcessingInitializeOnLoad (625ms)
			ProcessInitializeOnLoadAttributes (2694ms)
			ProcessInitializeOnLoadMethodAttributes (593ms)
			AfterProcessingInitializeOnLoad (17ms)
			EditorAssembliesLoaded (2ms)
		ExecutionOrderSort2 (0ms)
		AwakeInstancesAfterBackupRestoration (55ms)
Refreshing native plugins compatible for Editor in 54.36 ms, found 13 plugins.
Preloading 1 native plugins for Editor in 0.29 ms.
Unloading 16 Unused Serialized files (Serialized files now loaded: 0)
Unloading 7695 unused Assets / (6.7 MB). Loaded Objects now: 8480.
Memory consumption went from 222.7 MB to 216.0 MB.
Total: 41.775800 ms (FindLiveObjects: 2.611100 ms CreateObjectMapping: 2.362200 ms MarkObjects: 24.359900 ms  DeleteObjects: 12.438700 ms)

Prepare: number of updated asset objects reloaded= 0
========================================================================
Received Prepare
Refreshing native plugins compatible for Editor in 43.44 ms, found 13 plugins.
Preloading 1 native plugins for Editor in 0.23 ms.
Unloading 16 Unused Serialized files (Serialized files now loaded: 0)
Unloading 16 unused Assets / (1.7 MB). Loaded Objects now: 8480.
Memory consumption went from 162.6 MB to 160.9 MB.
Total: 23.245300 ms (FindLiveObjects: 1.305200 ms CreateObjectMapping: 0.996800 ms MarkObjects: 19.856300 ms  DeleteObjects: 1.083100 ms)

Prepare: number of updated asset objects reloaded= 0
========================================================================
Received Prepare
Refreshing native plugins compatible for Editor in 59.84 ms, found 13 plugins.
Preloading 1 native plugins for Editor in 0.40 ms.
Unloading 16 Unused Serialized files (Serialized files now loaded: 0)
Unloading 7491 unused Assets / (3.7 MB). Loaded Objects now: 8460.
Memory consumption went from 167.1 MB to 163.5 MB.
Total: 215.257000 ms (FindLiveObjects: 3.823700 ms CreateObjectMapping: 3.205500 ms MarkObjects: 179.435400 ms  DeleteObjects: 28.788300 ms)

Prepare: number of updated asset objects reloaded= 0
========================================================================
Received Prepare
[Licensing::Client] Successfully resolved entitlement details
Begin MonoManager ReloadAssembly
[Licensing::Client] Successfully resolved entitlement details
- Loaded All Assemblies, in  7.549 seconds
Refreshing native plugins compatible for Editor in 45.38 ms, found 13 plugins.
Native extension for Android target not found
Native extension for WindowsStandalone target not found
Native extension for WebGL target not found
[Package Manager] Failed to launch server process. Reason: Unity was launched with the -noUpm command-line argument
[Package Manager] Unable to send message (not connected to server process).
[Package Manager] Cannot connect to Unity Package Manager local server
System.Reflection.TargetInvocationException: Exception has been thrown by the target of an invocation. ---> System.NullReferenceException: Object reference not set to an instance of an object
  at Unity.XR.Oculus.OculusLoader.AssetPathToAbsolutePath (System.String assetPath) [0x0003d] in .\Library\PackageCache\com.unity.xr.oculus@68ef97a4d91e\Runtime\OculusLoader.cs:312 
  at Unity.XR.Oculus.OculusLoader.EditorLoadOVRPlugin () [0x0008c] in .\Library\PackageCache\com.unity.xr.oculus@68ef97a4d91e\Runtime\OculusLoader.cs:297 
  at (wrapper managed-to-native) System.Reflection.RuntimeMethodInfo.InternalInvoke(System.Reflection.RuntimeMethodInfo,object,object[],System.Exception&)
  at System.Reflection.RuntimeMethodInfo.Invoke (System.Object obj, System.Reflection.BindingFlags invokeAttr, System.Reflection.Binder binder, System.Object[] parameters, System.Globalization.CultureInfo culture) [0x0006a] in <1eb9db207454431c84a47bcd81e79c37>:0 
   --- End of inner exception stack trace ---
  at System.Reflection.RuntimeMethodInfo.Invoke (System.Object obj, System.Reflection.BindingFlags invokeAttr, System.Reflection.Binder binder, System.Object[] parameters, System.Globalization.CultureInfo culture) [0x00083] in <1eb9db207454431c84a47bcd81e79c37>:0 
  at System.Reflection.MethodBase.Invoke (System.Object obj, System.Object[] parameters) [0x00000] in <1eb9db207454431c84a47bcd81e79c37>:0 
  at UnityEditor.EditorAssemblies.ProcessInitializeOnLoadMethodAttributes () [0x00087] in <6af83ae2d15b4450b49e1958cf1785d8>:0 
UnityEngine.Debug:ExtractStackTraceNoAlloc (byte*,int,string)
UnityEngine.StackTraceUtility:ExtractStackTrace ()
UnityEngine.DebugLogHandler:Internal_Log (UnityEngine.LogType,UnityEngine.LogOption,string,UnityEngine.Object)
UnityEngine.DebugLogHandler:LogFormat (UnityEngine.LogType,UnityEngine.Object,string,object[])
UnityEngine.Logger:Log (UnityEngine.LogType,object)
UnityEngine.Debug:LogError (object)
UnityEditor.EditorAssemblies:ProcessInitializeOnLoadMethodAttributes ()

Mono: successfully reloaded assembly
[Package Manager] Failed to launch server process. Reason: Unity was launched with the -noUpm command-line argument
[Package Manager] Unable to send message (not connected to server process).
[Package Manager] Cannot connect to Unity Package Manager local server
- Finished resetting the current domain, in  4.950 seconds
Domain Reload Profiling: 12496ms
	BeginReloadAssembly (2358ms)
		ExecutionOrderSort (0ms)
		DisableScriptedObjects (101ms)
		BackupInstance (0ms)
		ReleaseScriptingObjects (5ms)
		CreateAndSetChildDomain (763ms)
	RebuildCommonClasses (159ms)
	RebuildNativeTypeToScriptingClass (50ms)
	initialDomainReloadingComplete (152ms)
	LoadAllAssembliesAndSetupDomain (4825ms)
		LoadAssemblies (4187ms)
		RebuildTransferFunctionScriptingTraits (0ms)
		AnalyzeDomain (1349ms)
			TypeCache.Refresh (195ms)
				TypeCache.ScanAssembly (3ms)
			BuildScriptInfoCaches (1075ms)
			ResolveRequiredComponents (51ms)
	FinalizeReload (4952ms)
		ReleaseScriptCaches (0ms)
		RebuildScriptCaches (0ms)
		SetupLoadedEditorAssemblies (4222ms)
			LogAssemblyErrors (0ms)
			InitializePlatformSupportModulesInManaged (43ms)
			SetLoadedEditorAssemblies (27ms)
			BeforeProcessingInitializeOnLoad (645ms)
			ProcessInitializeOnLoadAttributes (2928ms)
			ProcessInitializeOnLoadMethodAttributes (558ms)
			AfterProcessingInitializeOnLoad (19ms)
			EditorAssembliesLoaded (2ms)
		ExecutionOrderSort2 (0ms)
		AwakeInstancesAfterBackupRestoration (65ms)
Refreshing native plugins compatible for Editor in 39.75 ms, found 13 plugins.
Preloading 1 native plugins for Editor in 0.30 ms.
Unloading 16 Unused Serialized files (Serialized files now loaded: 0)
Unloading 7696 unused Assets / (7.8 MB). Loaded Objects now: 8484.
Memory consumption went from 222.5 MB to 214.8 MB.
Total: 35.224200 ms (FindLiveObjects: 2.049100 ms CreateObjectMapping: 2.352200 ms MarkObjects: 19.686300 ms  DeleteObjects: 11.132800 ms)

Prepare: number of updated asset objects reloaded= 0
========================================================================
Received Prepare
[Licensing::Client] Successfully resolved entitlement details
Begin MonoManager ReloadAssembly
[Licensing::Client] Successfully resolved entitlement details
- Loaded All Assemblies, in  6.445 seconds
Refreshing native plugins compatible for Editor in 27.28 ms, found 13 plugins.
Native extension for Android target not found
Native extension for WindowsStandalone target not found
Native extension for WebGL target not found
[Package Manager] Failed to launch server process. Reason: Unity was launched with the -noUpm command-line argument
[Package Manager] Unable to send message (not connected to server process).
[Package Manager] Cannot connect to Unity Package Manager local server
System.Reflection.TargetInvocationException: Exception has been thrown by the target of an invocation. ---> System.NullReferenceException: Object reference not set to an instance of an object
  at Unity.XR.Oculus.OculusLoader.AssetPathToAbsolutePath (System.String assetPath) [0x0003d] in .\Library\PackageCache\com.unity.xr.oculus@68ef97a4d91e\Runtime\OculusLoader.cs:312 
  at Unity.XR.Oculus.OculusLoader.EditorLoadOVRPlugin () [0x0008c] in .\Library\PackageCache\com.unity.xr.oculus@68ef97a4d91e\Runtime\OculusLoader.cs:297 
  at (wrapper managed-to-native) System.Reflection.RuntimeMethodInfo.InternalInvoke(System.Reflection.RuntimeMethodInfo,object,object[],System.Exception&)
  at System.Reflection.RuntimeMethodInfo.Invoke (System.Object obj, System.Reflection.BindingFlags invokeAttr, System.Reflection.Binder binder, System.Object[] parameters, System.Globalization.CultureInfo culture) [0x0006a] in <1eb9db207454431c84a47bcd81e79c37>:0 
   --- End of inner exception stack trace ---
  at System.Reflection.RuntimeMethodInfo.Invoke (System.Object obj, System.Reflection.BindingFlags invokeAttr, System.Reflection.Binder binder, System.Object[] parameters, System.Globalization.CultureInfo culture) [0x00083] in <1eb9db207454431c84a47bcd81e79c37>:0 
  at System.Reflection.MethodBase.Invoke (System.Object obj, System.Object[] parameters) [0x00000] in <1eb9db207454431c84a47bcd81e79c37>:0 
  at UnityEditor.EditorAssemblies.ProcessInitializeOnLoadMethodAttributes () [0x00087] in <6af83ae2d15b4450b49e1958cf1785d8>:0 
UnityEngine.Debug:ExtractStackTraceNoAlloc (byte*,int,string)
UnityEngine.StackTraceUtility:ExtractStackTrace ()
UnityEngine.DebugLogHandler:Internal_Log (UnityEngine.LogType,UnityEngine.LogOption,string,UnityEngine.Object)
UnityEngine.DebugLogHandler:LogFormat (UnityEngine.LogType,UnityEngine.Object,string,object[])
UnityEngine.Logger:Log (UnityEngine.LogType,object)
UnityEngine.Debug:LogError (object)
UnityEditor.EditorAssemblies:ProcessInitializeOnLoadMethodAttributes ()

Mono: successfully reloaded assembly
[Package Manager] Failed to launch server process. Reason: Unity was launched with the -noUpm command-line argument
[Package Manager] Unable to send message (not connected to server process).
[Package Manager] Cannot connect to Unity Package Manager local server
- Finished resetting the current domain, in  2.908 seconds
Domain Reload Profiling: 9377ms
	BeginReloadAssembly (2375ms)
		ExecutionOrderSort (1ms)
		DisableScriptedObjects (81ms)
		BackupInstance (0ms)
		ReleaseScriptingObjects (6ms)
		CreateAndSetChildDomain (989ms)
	RebuildCommonClasses (115ms)
	RebuildNativeTypeToScriptingClass (19ms)
	initialDomainReloadingComplete (118ms)
	LoadAllAssembliesAndSetupDomain (3841ms)
		LoadAssemblies (3713ms)
		RebuildTransferFunctionScriptingTraits (0ms)
		AnalyzeDomain (699ms)
			TypeCache.Refresh (38ms)
				TypeCache.ScanAssembly (0ms)
			BuildScriptInfoCaches (531ms)
			ResolveRequiredComponents (25ms)
	FinalizeReload (2910ms)
		ReleaseScriptCaches (0ms)
		RebuildScriptCaches (0ms)
		SetupLoadedEditorAssemblies (2538ms)
			LogAssemblyErrors (0ms)
			InitializePlatformSupportModulesInManaged (25ms)
			SetLoadedEditorAssemblies (12ms)
			BeforeProcessingInitializeOnLoad (303ms)
			ProcessInitializeOnLoadAttributes (1839ms)
			ProcessInitializeOnLoadMethodAttributes (349ms)
			AfterProcessingInitializeOnLoad (8ms)
			EditorAssembliesLoaded (2ms)
		ExecutionOrderSort2 (0ms)
		AwakeInstancesAfterBackupRestoration (35ms)
Refreshing native plugins compatible for Editor in 17.67 ms, found 13 plugins.
Preloading 1 native plugins for Editor in 0.16 ms.
Unloading 16 Unused Serialized files (Serialized files now loaded: 0)
Unloading 7696 unused Assets / (6.9 MB). Loaded Objects now: 8487.
Memory consumption went from 222.7 MB to 215.8 MB.
Total: 29.892900 ms (FindLiveObjects: 2.855000 ms CreateObjectMapping: 1.635800 ms MarkObjects: 15.635100 ms  DeleteObjects: 9.764800 ms)

Prepare: number of updated asset objects reloaded= 1
========================================================================
Received Prepare
Refreshing native plugins compatible for Editor in 16.63 ms, found 13 plugins.
Preloading 1 native plugins for Editor in 0.27 ms.
Unloading 16 Unused Serialized files (Serialized files now loaded: 0)
Unloading 16 unused Assets / (1.7 MB). Loaded Objects now: 8487.
Memory consumption went from 162.8 MB to 161.1 MB.
Total: 286.665100 ms (FindLiveObjects: 4.413900 ms CreateObjectMapping: 0.582300 ms MarkObjects: 280.257500 ms  DeleteObjects: 1.407800 ms)

Prepare: number of updated asset objects reloaded= 0
========================================================================
Received Prepare
[Licensing::Client] Successfully resolved entitlement details
Begin MonoManager ReloadAssembly
[Licensing::Client] Successfully resolved entitlement details
- Loaded All Assemblies, in  5.411 seconds
Refreshing native plugins compatible for Editor in 23.73 ms, found 13 plugins.
Native extension for Android target not found
Native extension for WindowsStandalone target not found
Native extension for WebGL target not found
[Package Manager] Failed to launch server process. Reason: Unity was launched with the -noUpm command-line argument
[Package Manager] Unable to send message (not connected to server process).
[Package Manager] Cannot connect to Unity Package Manager local server
System.Reflection.TargetInvocationException: Exception has been thrown by the target of an invocation. ---> System.NullReferenceException: Object reference not set to an instance of an object
  at Unity.XR.Oculus.OculusLoader.AssetPathToAbsolutePath (System.String assetPath) [0x0003d] in .\Library\PackageCache\com.unity.xr.oculus@68ef97a4d91e\Runtime\OculusLoader.cs:312 
  at Unity.XR.Oculus.OculusLoader.EditorLoadOVRPlugin () [0x0008c] in .\Library\PackageCache\com.unity.xr.oculus@68ef97a4d91e\Runtime\OculusLoader.cs:297 
  at (wrapper managed-to-native) System.Reflection.RuntimeMethodInfo.InternalInvoke(System.Reflection.RuntimeMethodInfo,object,object[],System.Exception&)
  at System.Reflection.RuntimeMethodInfo.Invoke (System.Object obj, System.Reflection.BindingFlags invokeAttr, System.Reflection.Binder binder, System.Object[] parameters, System.Globalization.CultureInfo culture) [0x0006a] in <1eb9db207454431c84a47bcd81e79c37>:0 
   --- End of inner exception stack trace ---
  at System.Reflection.RuntimeMethodInfo.Invoke (System.Object obj, System.Reflection.BindingFlags invokeAttr, System.Reflection.Binder binder, System.Object[] parameters, System.Globalization.CultureInfo culture) [0x00083] in <1eb9db207454431c84a47bcd81e79c37>:0 
  at System.Reflection.MethodBase.Invoke (System.Object obj, System.Object[] parameters) [0x00000] in <1eb9db207454431c84a47bcd81e79c37>:0 
  at UnityEditor.EditorAssemblies.ProcessInitializeOnLoadMethodAttributes () [0x00087] in <6af83ae2d15b4450b49e1958cf1785d8>:0 
UnityEngine.Debug:ExtractStackTraceNoAlloc (byte*,int,string)
UnityEngine.StackTraceUtility:ExtractStackTrace ()
UnityEngine.DebugLogHandler:Internal_Log (UnityEngine.LogType,UnityEngine.LogOption,string,UnityEngine.Object)
UnityEngine.DebugLogHandler:LogFormat (UnityEngine.LogType,UnityEngine.Object,string,object[])
UnityEngine.Logger:Log (UnityEngine.LogType,object)
UnityEngine.Debug:LogError (object)
UnityEditor.EditorAssemblies:ProcessInitializeOnLoadMethodAttributes ()

Mono: successfully reloaded assembly
[Package Manager] Failed to launch server process. Reason: Unity was launched with the -noUpm command-line argument
[Package Manager] Unable to send message (not connected to server process).
[Package Manager] Cannot connect to Unity Package Manager local server
- Finished resetting the current domain, in  4.073 seconds
Domain Reload Profiling: 9513ms
	BeginReloadAssembly (2405ms)
		ExecutionOrderSort (4ms)
		DisableScriptedObjects (151ms)
		BackupInstance (0ms)
		ReleaseScriptingObjects (6ms)
		CreateAndSetChildDomain (708ms)
	RebuildCommonClasses (77ms)
	RebuildNativeTypeToScriptingClass (17ms)
	initialDomainReloadingComplete (63ms)
	LoadAllAssembliesAndSetupDomain (2876ms)
		LoadAssemblies (2229ms)
		RebuildTransferFunctionScriptingTraits (0ms)
		AnalyzeDomain (1061ms)
			TypeCache.Refresh (80ms)
				TypeCache.ScanAssembly (0ms)
			BuildScriptInfoCaches (892ms)
			ResolveRequiredComponents (36ms)
	FinalizeReload (4074ms)
		ReleaseScriptCaches (0ms)
		RebuildScriptCaches (0ms)
		SetupLoadedEditorAssemblies (3435ms)
			LogAssemblyErrors (0ms)
			InitializePlatformSupportModulesInManaged (30ms)
			SetLoadedEditorAssemblies (18ms)
			BeforeProcessingInitializeOnLoad (484ms)
			ProcessInitializeOnLoadAttributes (2478ms)
			ProcessInitializeOnLoadMethodAttributes (417ms)
			AfterProcessingInitializeOnLoad (7ms)
			EditorAssembliesLoaded (1ms)
		ExecutionOrderSort2 (0ms)
		AwakeInstancesAfterBackupRestoration (27ms)
Refreshing native plugins compatible for Editor in 46.47 ms, found 13 plugins.
Preloading 1 native plugins for Editor in 0.71 ms.
Unloading 16 Unused Serialized files (Serialized files now loaded: 0)
Unloading 7696 unused Assets / (9.1 MB). Loaded Objects now: 8490.
Memory consumption went from 222.7 MB to 213.6 MB.
Total: 41.664600 ms (FindLiveObjects: 3.220600 ms CreateObjectMapping: 1.547700 ms MarkObjects: 24.290700 ms  DeleteObjects: 12.603600 ms)

Prepare: number of updated asset objects reloaded= 0
========================================================================
Received Prepare
Begin MonoManager ReloadAssembly
- Loaded All Assemblies, in  3.001 seconds
Refreshing native plugins compatible for Editor in 14.51 ms, found 13 plugins.
Native extension for Android target not found
Native extension for WindowsStandalone target not found
Native extension for WebGL target not found
[Package Manager] Failed to launch server process. Reason: Unity was launched with the -noUpm command-line argument
[Package Manager] Unable to send message (not connected to server process).
[Package Manager] Cannot connect to Unity Package Manager local server
System.Reflection.TargetInvocationException: Exception has been thrown by the target of an invocation. ---> System.NullReferenceException: Object reference not set to an instance of an object
  at Unity.XR.Oculus.OculusLoader.AssetPathToAbsolutePath (System.String assetPath) [0x0003d] in .\Library\PackageCache\com.unity.xr.oculus@68ef97a4d91e\Runtime\OculusLoader.cs:312 
  at Unity.XR.Oculus.OculusLoader.EditorLoadOVRPlugin () [0x0008c] in .\Library\PackageCache\com.unity.xr.oculus@68ef97a4d91e\Runtime\OculusLoader.cs:297 
  at (wrapper managed-to-native) System.Reflection.RuntimeMethodInfo.InternalInvoke(System.Reflection.RuntimeMethodInfo,object,object[],System.Exception&)
  at System.Reflection.RuntimeMethodInfo.Invoke (System.Object obj, System.Reflection.BindingFlags invokeAttr, System.Reflection.Binder binder, System.Object[] parameters, System.Globalization.CultureInfo culture) [0x0006a] in <1eb9db207454431c84a47bcd81e79c37>:0 
   --- End of inner exception stack trace ---
  at System.Reflection.RuntimeMethodInfo.Invoke (System.Object obj, System.Reflection.BindingFlags invokeAttr, System.Reflection.Binder binder, System.Object[] parameters, System.Globalization.CultureInfo culture) [0x00083] in <1eb9db207454431c84a47bcd81e79c37>:0 
  at System.Reflection.MethodBase.Invoke (System.Object obj, System.Object[] parameters) [0x00000] in <1eb9db207454431c84a47bcd81e79c37>:0 
  at UnityEditor.EditorAssemblies.ProcessInitializeOnLoadMethodAttributes () [0x00087] in <6af83ae2d15b4450b49e1958cf1785d8>:0 
UnityEngine.Debug:ExtractStackTraceNoAlloc (byte*,int,string)
UnityEngine.StackTraceUtility:ExtractStackTrace ()
UnityEngine.DebugLogHandler:Internal_Log (UnityEngine.LogType,UnityEngine.LogOption,string,UnityEngine.Object)
UnityEngine.DebugLogHandler:LogFormat (UnityEngine.LogType,UnityEngine.Object,string,object[])
UnityEngine.Logger:Log (UnityEngine.LogType,object)
UnityEngine.Debug:LogError (object)
UnityEditor.EditorAssemblies:ProcessInitializeOnLoadMethodAttributes ()

Mono: successfully reloaded assembly
[Package Manager] Failed to launch server process. Reason: Unity was launched with the -noUpm command-line argument
[Package Manager] Unable to send message (not connected to server process).
[Package Manager] Cannot connect to Unity Package Manager local server
- Finished resetting the current domain, in  2.492 seconds
Domain Reload Profiling: 5508ms
	BeginReloadAssembly (705ms)
		ExecutionOrderSort (0ms)
		DisableScriptedObjects (12ms)
		BackupInstance (0ms)
		ReleaseScriptingObjects (2ms)
		CreateAndSetChildDomain (313ms)
	RebuildCommonClasses (60ms)
	RebuildNativeTypeToScriptingClass (16ms)
	initialDomainReloadingComplete (46ms)
	LoadAllAssembliesAndSetupDomain (2188ms)
		LoadAssemblies (1680ms)
		RebuildTransferFunctionScriptingTraits (0ms)
		AnalyzeDomain (724ms)
			TypeCache.Refresh (25ms)
				TypeCache.ScanAssembly (0ms)
			BuildScriptInfoCaches (630ms)
			ResolveRequiredComponents (28ms)
	FinalizeReload (2493ms)
		ReleaseScriptCaches (0ms)
		RebuildScriptCaches (0ms)
		SetupLoadedEditorAssemblies (2172ms)
			LogAssemblyErrors (0ms)
			InitializePlatformSupportModulesInManaged (18ms)
			SetLoadedEditorAssemblies (10ms)
			BeforeProcessingInitializeOnLoad (233ms)
			ProcessInitializeOnLoadAttributes (1562ms)
			ProcessInitializeOnLoadMethodAttributes (342ms)
			AfterProcessingInitializeOnLoad (6ms)
			EditorAssembliesLoaded (1ms)
		ExecutionOrderSort2 (0ms)
		AwakeInstancesAfterBackupRestoration (25ms)
Refreshing native plugins compatible for Editor in 15.94 ms, found 13 plugins.
Preloading 1 native plugins for Editor in 0.45 ms.
Unloading 16 Unused Serialized files (Serialized files now loaded: 0)
Unloading 7696 unused Assets / (7.8 MB). Loaded Objects now: 8495.
Memory consumption went from 222.8 MB to 215.0 MB.
Total: 36.741200 ms (FindLiveObjects: 3.544800 ms CreateObjectMapping: 1.822800 ms MarkObjects: 20.088900 ms  DeleteObjects: 11.281200 ms)

Prepare: number of updated asset objects reloaded= 0
========================================================================
Received Prepare
Refreshing native plugins compatible for Editor in 29.77 ms, found 13 plugins.
Preloading 1 native plugins for Editor in 0.11 ms.
Unloading 16 Unused Serialized files (Serialized files now loaded: 0)
Unloading 16 unused Assets / (1.7 MB). Loaded Objects now: 8495.
Memory consumption went from 162.8 MB to 161.2 MB.
Total: 10.139500 ms (FindLiveObjects: 0.567400 ms CreateObjectMapping: 0.201800 ms MarkObjects: 8.738500 ms  DeleteObjects: 0.630100 ms)

Prepare: number of updated asset objects reloaded= 0
========================================================================
Received Prepare
Refreshing native plugins compatible for Editor in 102.44 ms, found 13 plugins.
Preloading 1 native plugins for Editor in 1.64 ms.
Unloading 16 Unused Serialized files (Serialized files now loaded: 0)
Unloading 16 unused Assets / (1.7 MB). Loaded Objects now: 8495.
Memory consumption went from 161.8 MB to 160.1 MB.
Total: 452.222800 ms (FindLiveObjects: 4.078900 ms CreateObjectMapping: 0.952500 ms MarkObjects: 446.064600 ms  DeleteObjects: 1.120000 ms)

Prepare: number of updated asset objects reloaded= 180
AssetImportParameters requested are different than current active one (requested -> active):
  buildTarget: platform 19, subtarget 2, extendedPlatform 0 -> platform 13, subtarget 0, extendedPlatform 0
  graphicsApiMask: 262148 -> 2099200
========================================================================
Received Prepare
Refreshing native plugins compatible for Editor in 42.33 ms, found 13 plugins.
Preloading 1 native plugins for Editor in 0.29 ms.
Unloading 16 Unused Serialized files (Serialized files now loaded: 0)
Unloading 16 unused Assets / (1.7 MB). Loaded Objects now: 8495.
Memory consumption went from 161.5 MB to 159.8 MB.
Total: 22.476700 ms (FindLiveObjects: 1.109400 ms CreateObjectMapping: 0.721200 ms MarkObjects: 19.893500 ms  DeleteObjects: 0.749100 ms)

Prepare: number of updated asset objects reloaded= 0
AssetImportParameters requested are different than current active one (requested -> active):
  buildTarget: platform 19, subtarget 2, extendedPlatform 0 -> platform 13, subtarget 0, extendedPlatform 0
  graphicsApiMask: 262148 -> 2099200
========================================================================
Received Prepare
Begin MonoManager ReloadAssembly
[Licensing::Client] Successfully resolved entitlement details
- Loaded All Assemblies, in 15.814 seconds
Refreshing native plugins compatible for Editor in 96.16 ms, found 13 plugins.
Native extension for Android target not found
Native extension for WindowsStandalone target not found
Native extension for WebGL target not found
[Package Manager] Failed to launch server process. Reason: Unity was launched with the -noUpm command-line argument
[Package Manager] Unable to send message (not connected to server process).
[Package Manager] Cannot connect to Unity Package Manager local server
System.Reflection.TargetInvocationException: Exception has been thrown by the target of an invocation. ---> System.NullReferenceException: Object reference not set to an instance of an object
  at Unity.XR.Oculus.OculusLoader.AssetPathToAbsolutePath (System.String assetPath) [0x0003d] in .\Library\PackageCache\com.unity.xr.oculus@68ef97a4d91e\Runtime\OculusLoader.cs:312 
  at Unity.XR.Oculus.OculusLoader.EditorLoadOVRPlugin () [0x0008c] in .\Library\PackageCache\com.unity.xr.oculus@68ef97a4d91e\Runtime\OculusLoader.cs:297 
  at (wrapper managed-to-native) System.Reflection.RuntimeMethodInfo.InternalInvoke(System.Reflection.RuntimeMethodInfo,object,object[],System.Exception&)
  at System.Reflection.RuntimeMethodInfo.Invoke (System.Object obj, System.Reflection.BindingFlags invokeAttr, System.Reflection.Binder binder, System.Object[] parameters, System.Globalization.CultureInfo culture) [0x0006a] in <1eb9db207454431c84a47bcd81e79c37>:0 
   --- End of inner exception stack trace ---
  at System.Reflection.RuntimeMethodInfo.Invoke (System.Object obj, System.Reflection.BindingFlags invokeAttr, System.Reflection.Binder binder, System.Object[] parameters, System.Globalization.CultureInfo culture) [0x00083] in <1eb9db207454431c84a47bcd81e79c37>:0 
  at System.Reflection.MethodBase.Invoke (System.Object obj, System.Object[] parameters) [0x00000] in <1eb9db207454431c84a47bcd81e79c37>:0 
  at UnityEditor.EditorAssemblies.ProcessInitializeOnLoadMethodAttributes () [0x00087] in <6af83ae2d15b4450b49e1958cf1785d8>:0 
UnityEngine.Debug:ExtractStackTraceNoAlloc (byte*,int,string)
UnityEngine.StackTraceUtility:ExtractStackTrace ()
UnityEngine.DebugLogHandler:Internal_Log (UnityEngine.LogType,UnityEngine.LogOption,string,UnityEngine.Object)
UnityEngine.DebugLogHandler:LogFormat (UnityEngine.LogType,UnityEngine.Object,string,object[])
UnityEngine.Logger:Log (UnityEngine.LogType,object)
UnityEngine.Debug:LogError (object)
UnityEditor.EditorAssemblies:ProcessInitializeOnLoadMethodAttributes ()

Mono: successfully reloaded assembly
[Package Manager] Failed to launch server process. Reason: Unity was launched with the -noUpm command-line argument
[Package Manager] Unable to send message (not connected to server process).
[Package Manager] Cannot connect to Unity Package Manager local server
- Finished resetting the current domain, in  8.732 seconds
Domain Reload Profiling: 24627ms
	BeginReloadAssembly (5690ms)
		ExecutionOrderSort (2ms)
		DisableScriptedObjects (199ms)
		BackupInstance (0ms)
		ReleaseScriptingObjects (11ms)
		CreateAndSetChildDomain (2173ms)
	RebuildCommonClasses (596ms)
	RebuildNativeTypeToScriptingClass (78ms)
	initialDomainReloadingComplete (484ms)
	LoadAllAssembliesAndSetupDomain (9041ms)
		LoadAssemblies (5688ms)
		RebuildTransferFunctionScriptingTraits (0ms)
		AnalyzeDomain (4427ms)
			TypeCache.Refresh (2154ms)
				TypeCache.ScanAssembly (1593ms)
			BuildScriptInfoCaches (2074ms)
			ResolveRequiredComponents (113ms)
	FinalizeReload (8737ms)
		ReleaseScriptCaches (0ms)
		RebuildScriptCaches (0ms)
		SetupLoadedEditorAssemblies (7438ms)
			LogAssemblyErrors (0ms)
			InitializePlatformSupportModulesInManaged (58ms)
			SetLoadedEditorAssemblies (30ms)
			BeforeProcessingInitializeOnLoad (939ms)
			ProcessInitializeOnLoadAttributes (5398ms)
			ProcessInitializeOnLoadMethodAttributes (981ms)
			AfterProcessingInitializeOnLoad (29ms)
			EditorAssembliesLoaded (4ms)
		ExecutionOrderSort2 (0ms)
		AwakeInstancesAfterBackupRestoration (84ms)
Refreshing native plugins compatible for Editor in 122.62 ms, found 13 plugins.
Preloading 1 native plugins for Editor in 3.68 ms.
Unloading 16 Unused Serialized files (Serialized files now loaded: 0)
Unloading 7696 unused Assets / (6.9 MB). Loaded Objects now: 8498.
Memory consumption went from 222.7 MB to 215.8 MB.
Total: 80.339100 ms (FindLiveObjects: 8.705200 ms CreateObjectMapping: 4.270700 ms MarkObjects: 45.486000 ms  DeleteObjects: 21.871800 ms)

Prepare: number of updated asset objects reloaded= 0
========================================================================
Received Prepare
Refreshing native plugins compatible for Editor in 134.43 ms, found 13 plugins.
Preloading 1 native plugins for Editor in 2.24 ms.
Unloading 16 Unused Serialized files (Serialized files now loaded: 0)
Unloading 16 unused Assets / (1.7 MB). Loaded Objects now: 8498.
Memory consumption went from 162.9 MB to 161.2 MB.
Total: 243.812000 ms (FindLiveObjects: 3.114500 ms CreateObjectMapping: 1.051000 ms MarkObjects: 238.495300 ms  DeleteObjects: 1.142500 ms)

Prepare: number of updated asset objects reloaded= 180
AssetImportParameters requested are different than current active one (requested -> active):
  buildTarget: platform 13, subtarget 0, extendedPlatform 0 -> platform 19, subtarget 2, extendedPlatform 0
  graphicsApiMask: 2099200 -> 262148
========================================================================
Received Prepare
Refreshing native plugins compatible for Editor in 48.00 ms, found 13 plugins.
Preloading 1 native plugins for Editor in 0.30 ms.
Unloading 16 Unused Serialized files (Serialized files now loaded: 0)
Unloading 16 unused Assets / (1.7 MB). Loaded Objects now: 8498.
Memory consumption went from 162.2 MB to 160.5 MB.
Total: 21.237200 ms (FindLiveObjects: 0.986800 ms CreateObjectMapping: 1.094600 ms MarkObjects: 18.428500 ms  DeleteObjects: 0.724400 ms)

Prepare: number of updated asset objects reloaded= 0
AssetImportParameters requested are different than current active one (requested -> active):
  buildTarget: platform 13, subtarget 0, extendedPlatform 0 -> platform 19, subtarget 2, extendedPlatform 0
  graphicsApiMask: 2099200 -> 262148
========================================================================
Received Prepare
[Licensing::Client] Successfully resolved entitlement details
Begin MonoManager ReloadAssembly
[Licensing::Client] Successfully resolved entitlement details
- Loaded All Assemblies, in 14.057 seconds
Refreshing native plugins compatible for Editor in 51.65 ms, found 13 plugins.
Native extension for Android target not found
Native extension for WindowsStandalone target not found
Native extension for WebGL target not found
[Package Manager] Failed to launch server process. Reason: Unity was launched with the -noUpm command-line argument
[Package Manager] Unable to send message (not connected to server process).
[Package Manager] Cannot connect to Unity Package Manager local server
System.Reflection.TargetInvocationException: Exception has been thrown by the target of an invocation. ---> System.NullReferenceException: Object reference not set to an instance of an object
  at Unity.XR.Oculus.OculusLoader.AssetPathToAbsolutePath (System.String assetPath) [0x0003d] in .\Library\PackageCache\com.unity.xr.oculus@68ef97a4d91e\Runtime\OculusLoader.cs:312 
  at Unity.XR.Oculus.OculusLoader.EditorLoadOVRPlugin () [0x0008c] in .\Library\PackageCache\com.unity.xr.oculus@68ef97a4d91e\Runtime\OculusLoader.cs:297 
  at (wrapper managed-to-native) System.Reflection.RuntimeMethodInfo.InternalInvoke(System.Reflection.RuntimeMethodInfo,object,object[],System.Exception&)
  at System.Reflection.RuntimeMethodInfo.Invoke (System.Object obj, System.Reflection.BindingFlags invokeAttr, System.Reflection.Binder binder, System.Object[] parameters, System.Globalization.CultureInfo culture) [0x0006a] in <1eb9db207454431c84a47bcd81e79c37>:0 
   --- End of inner exception stack trace ---
  at System.Reflection.RuntimeMethodInfo.Invoke (System.Object obj, System.Reflection.BindingFlags invokeAttr, System.Reflection.Binder binder, System.Object[] parameters, System.Globalization.CultureInfo culture) [0x00083] in <1eb9db207454431c84a47bcd81e79c37>:0 
  at System.Reflection.MethodBase.Invoke (System.Object obj, System.Object[] parameters) [0x00000] in <1eb9db207454431c84a47bcd81e79c37>:0 
  at UnityEditor.EditorAssemblies.ProcessInitializeOnLoadMethodAttributes () [0x00087] in <6af83ae2d15b4450b49e1958cf1785d8>:0 
UnityEngine.Debug:ExtractStackTraceNoAlloc (byte*,int,string)
UnityEngine.StackTraceUtility:ExtractStackTrace ()
UnityEngine.DebugLogHandler:Internal_Log (UnityEngine.LogType,UnityEngine.LogOption,string,UnityEngine.Object)
UnityEngine.DebugLogHandler:LogFormat (UnityEngine.LogType,UnityEngine.Object,string,object[])
UnityEngine.Logger:Log (UnityEngine.LogType,object)
UnityEngine.Debug:LogError (object)
UnityEditor.EditorAssemblies:ProcessInitializeOnLoadMethodAttributes ()

Mono: successfully reloaded assembly
[Package Manager] Failed to launch server process. Reason: Unity was launched with the -noUpm command-line argument
[Package Manager] Unable to send message (not connected to server process).
[Package Manager] Cannot connect to Unity Package Manager local server
- Finished resetting the current domain, in  8.634 seconds
Domain Reload Profiling: 22756ms
	BeginReloadAssembly (4957ms)
		ExecutionOrderSort (3ms)
		DisableScriptedObjects (170ms)
		BackupInstance (0ms)
		ReleaseScriptingObjects (9ms)
		CreateAndSetChildDomain (2091ms)
	RebuildCommonClasses (233ms)
	RebuildNativeTypeToScriptingClass (59ms)
	initialDomainReloadingComplete (184ms)
	LoadAllAssembliesAndSetupDomain (8685ms)
		LoadAssemblies (5750ms)
		RebuildTransferFunctionScriptingTraits (0ms)
		AnalyzeDomain (3928ms)
			TypeCache.Refresh (2777ms)
				TypeCache.ScanAssembly (1784ms)
			BuildScriptInfoCaches (1018ms)
			ResolveRequiredComponents (69ms)
	FinalizeReload (8638ms)
		ReleaseScriptCaches (0ms)
		RebuildScriptCaches (0ms)
		SetupLoadedEditorAssemblies (7404ms)
			LogAssemblyErrors (0ms)
			InitializePlatformSupportModulesInManaged (64ms)
			SetLoadedEditorAssemblies (36ms)
			BeforeProcessingInitializeOnLoad (800ms)
			ProcessInitializeOnLoadAttributes (5616ms)
			ProcessInitializeOnLoadMethodAttributes (865ms)
			AfterProcessingInitializeOnLoad (20ms)
			EditorAssembliesLoaded (3ms)
		ExecutionOrderSort2 (0ms)
		AwakeInstancesAfterBackupRestoration (79ms)
Refreshing native plugins compatible for Editor in 44.75 ms, found 13 plugins.
Preloading 1 native plugins for Editor in 0.31 ms.
Unloading 16 Unused Serialized files (Serialized files now loaded: 0)
Unloading 7696 unused Assets / (8.5 MB). Loaded Objects now: 8501.
Memory consumption went from 222.7 MB to 214.2 MB.
Total: 88.907200 ms (FindLiveObjects: 6.718800 ms CreateObjectMapping: 2.780200 ms MarkObjects: 44.573000 ms  DeleteObjects: 34.830300 ms)

Prepare: number of updated asset objects reloaded= 0
